<?xml version="1.0" encoding="UTF-8"?>
<!-- Generated by org.testng.reporters.JUnitReportReporter -->
<testsuite hostname="SAURABH" failures="0" tests="1" name="com.sauceDemo.TestCLasses.TC003_VerfiyBagProductAddtoCartFunctionality" time="4.769" errors="0" timestamp="2022-09-30T21:01:05 IST" skipped="0">
  <testcase classname="com.sauceDemo.TestCLasses.TC003_VerfiyBagProductAddtoCartFunctionality" name="bagProductAddTOCartFunctionality" time="4.769"/>
  <system-out/>
</testsuite> <!-- com.sauceDemo.TestCLasses.TC003_VerfiyBagProductAddtoCartFunctionality -->
