<?xml version="1.0" encoding="UTF-8"?>
<!-- Generated by org.testng.reporters.JUnitReportReporter -->
<testsuite hostname="SAURABH" failures="0" tests="1" name="com.sauceDemo.TestCLasses.TC002_VerifyLogOutFunctionality" time="8.580" errors="0" timestamp="2022-09-17T21:12:51 IST" skipped="0">
  <testcase classname="com.sauceDemo.TestCLasses.TC002_VerifyLogOutFunctionality" name="logOutFunctionality" time="8.580"/>
  <system-out/>
</testsuite> <!-- com.sauceDemo.TestCLasses.TC002_VerifyLogOutFunctionality -->
