<?xml version="1.0" encoding="UTF-8"?>
<!-- Generated by org.testng.reporters.JUnitReportReporter -->
<testsuite hostname="SAURABH" failures="0" tests="1" name="com.sauceDemo.TestCLasses.TC001_VerifyLoginFunctionality" time="5.624" errors="0" timestamp="2022-09-30T21:01:04 IST" skipped="0">
  <testcase classname="com.sauceDemo.TestCLasses.TC001_VerifyLoginFunctionality" name="loginFuntionality" time="5.624"/>
  <system-out/>
</testsuite> <!-- com.sauceDemo.TestCLasses.TC001_VerifyLoginFunctionality -->
